# JRE version: Java(TM) SE Runtime Environment (8.0_31-b13) (build 1.8.0_31-b13)
# Java VM: Java HotSpot(TM) 64-Bit Server VM (25.31-b07 mixed mode windows-amd64 compressed oops)
Heap:
 PSYoungGen      total 143872K, used 24995K [0x00000000d5c00000, 0x00000000e0800000, 0x0000000100000000)
  eden space 135168K, 12% used [0x00000000d5c00000,0x00000000d6bf0770,0x00000000de000000)
  from space 8704K, 99% used [0x00000000dff80000,0x00000000e07f86c8,0x00000000e0800000)
  to   space 13824K, 0% used [0x00000000ded00000,0x00000000ded00000,0x00000000dfa80000)
 ParOldGen       total 97792K, used 18821K [0x0000000081400000, 0x0000000087380000, 0x00000000d5c00000)
  object space 97792K, 19% used [0x0000000081400000,0x00000000826615d0,0x0000000087380000)
 Metaspace       used 40850K, capacity 42940K, committed 43136K, reserved 1087488K
  class space    used 5557K, capacity 5909K, committed 6016K, reserved 1048576K
GC Heap History (10 events):
Event: 3.397 GC heap before
{Heap before GC invocations=6 (full 1):
 PSYoungGen      total 71680K, used 66560K [0x00000000d5c00000, 0x00000000da700000, 0x0000000100000000)
  eden space 66560K, 100% used [0x00000000d5c00000,0x00000000d9d00000,0x00000000d9d00000)
  from space 5120K, 0% used [0x00000000da200000,0x00000000da200000,0x00000000da700000)
  to   space 5120K, 0% used [0x00000000d9d00000,0x00000000d9d00000,0x00000000da200000)
 ParOldGen       total 57344K, used 6957K [0x0000000081400000, 0x0000000084c00000, 0x00000000d5c00000)
  object space 57344K, 12% used [0x0000000081400000,0x0000000081acb688,0x0000000084c00000)
 Metaspace       used 25171K, capacity 26088K, committed 26112K, reserved 1071104K
  class space    used 3364K, capacity 3580K, committed 3584K, reserved 1048576K
Event: 3.404 GC heap after
Heap after GC invocations=6 (full 1):
 PSYoungGen      total 71680K, used 5106K [0x00000000d5c00000, 0x00000000dd280000, 0x0000000100000000)
  eden space 66560K, 0% used [0x00000000d5c00000,0x00000000d5c00000,0x00000000d9d00000)
  from space 5120K, 99% used [0x00000000d9d00000,0x00000000da1fc820,0x00000000da200000)
  to   space 9216K, 0% used [0x00000000dc980000,0x00000000dc980000,0x00000000dd280000)
 ParOldGen       total 57344K, used 9418K [0x0000000081400000, 0x0000000084c00000, 0x00000000d5c00000)
  object space 57344K, 16% used [0x0000000081400000,0x0000000081d32a28,0x0000000084c00000)
 Metaspace       used 25171K, capacity 26088K, committed 26112K, reserved 1071104K
  class space    used 3364K, capacity 3580K, committed 3584K, reserved 1048576K
}
Event: 4.170 GC heap before
{Heap before GC invocations=7 (full 1):
 PSYoungGen      total 71680K, used 71666K [0x00000000d5c00000, 0x00000000dd280000, 0x0000000100000000)
  eden space 66560K, 100% used [0x00000000d5c00000,0x00000000d9d00000,0x00000000d9d00000)
  from space 5120K, 99% used [0x00000000d9d00000,0x00000000da1fc820,0x00000000da200000)
  to   space 9216K, 0% used [0x00000000dc980000,0x00000000dc980000,0x00000000dd280000)
 ParOldGen       total 57344K, used 9418K [0x0000000081400000, 0x0000000084c00000, 0x00000000d5c00000)
  object space 57344K, 16% used [0x0000000081400000,0x0000000081d32a28,0x0000000084c00000)
 Metaspace       used 30017K, capacity 31296K, committed 31744K, reserved 1077248K
  class space    used 4009K, capacity 4232K, committed 4352K, reserved 1048576K
Event: 4.182 GC heap after
Heap after GC invocations=7 (full 1):
 PSYoungGen      total 109056K, used 9202K [0x00000000d5c00000, 0x00000000dd780000, 0x0000000100000000)
  eden space 99840K, 0% used [0x00000000d5c00000,0x00000000d5c00000,0x00000000dbd80000)
  from space 9216K, 99% used [0x00000000dc980000,0x00000000dd27c990,0x00000000dd280000)
  to   space 12288K, 0% used [0x00000000dbd80000,0x00000000dbd80000,0x00000000dc980000)
 ParOldGen       total 57344K, used 12998K [0x0000000081400000, 0x0000000084c00000, 0x00000000d5c00000)
  object space 57344K, 22% used [0x0000000081400000,0x00000000820b1a18,0x0000000084c00000)
 Metaspace       used 30017K, capacity 31296K, committed 31744K, reserved 1077248K
  class space    used 4009K, capacity 4232K, committed 4352K, reserved 1048576K
}
Event: 4.828 GC heap before
{Heap before GC invocations=8 (full 1):
 PSYoungGen      total 109056K, used 46346K [0x00000000d5c00000, 0x00000000dd780000, 0x0000000100000000)
  eden space 99840K, 37% used [0x00000000d5c00000,0x00000000d8045fd8,0x00000000dbd80000)
  from space 9216K, 99% used [0x00000000dc980000,0x00000000dd27c990,0x00000000dd280000)
  to   space 12288K, 0% used [0x00000000dbd80000,0x00000000dbd80000,0x00000000dc980000)
 ParOldGen       total 57344K, used 12998K [0x0000000081400000, 0x0000000084c00000, 0x00000000d5c00000)
  object space 57344K, 22% used [0x0000000081400000,0x00000000820b1a18,0x0000000084c00000)
 Metaspace       used 34025K, capacity 35416K, committed 35496K, reserved 1079296K
  class space    used 4567K, capacity 4828K, committed 4864K, reserved 1048576K
Event: 4.842 GC heap after
Heap after GC invocations=8 (full 1):
 PSYoungGen      total 112128K, used 12257K [0x00000000d5c00000, 0x00000000e0e00000, 0x0000000100000000)
  eden space 99840K, 0% used [0x00000000d5c00000,0x00000000d5c00000,0x00000000dbd80000)
  from space 12288K, 99% used [0x00000000dbd80000,0x00000000dc9784d8,0x00000000dc980000)
  to   space 14848K, 0% used [0x00000000dff80000,0x00000000dff80000,0x00000000e0e00000)
 ParOldGen       total 57344K, used 14346K [0x0000000081400000, 0x0000000084c00000, 0x00000000d5c00000)
  object space 57344K, 25% used [0x0000000081400000,0x0000000082202ac8,0x0000000084c00000)
 Metaspace       used 34025K, capacity 35416K, committed 35496K, reserved 1079296K
  class space    used 4567K, capacity 4828K, committed 4864K, reserved 1048576K
}
Event: 4.842 GC heap before
{Heap before GC invocations=9 (full 2):
 PSYoungGen      total 112128K, used 12257K [0x00000000d5c00000, 0x00000000e0e00000, 0x0000000100000000)
  eden space 99840K, 0% used [0x00000000d5c00000,0x00000000d5c00000,0x00000000dbd80000)
  from space 12288K, 99% used [0x00000000dbd80000,0x00000000dc9784d8,0x00000000dc980000)
  to   space 14848K, 0% used [0x00000000dff80000,0x00000000dff80000,0x00000000e0e00000)
 ParOldGen       total 57344K, used 14346K [0x0000000081400000, 0x0000000084c00000, 0x00000000d5c00000)
  object space 57344K, 25% used [0x0000000081400000,0x0000000082202ac8,0x0000000084c00000)
 Metaspace       used 34025K, capacity 35416K, committed 35496K, reserved 1079296K
  class space    used 4567K, capacity 4828K, committed 4864K, reserved 1048576K
Event: 4.924 GC heap after
Heap after GC invocations=9 (full 2):
 PSYoungGen      total 112128K, used 0K [0x00000000d5c00000, 0x00000000e0e00000, 0x0000000100000000)
  eden space 99840K, 0% used [0x00000000d5c00000,0x00000000d5c00000,0x00000000dbd80000)
  from space 12288K, 0% used [0x00000000dbd80000,0x00000000dbd80000,0x00000000dc980000)
  to   space 14848K, 0% used [0x00000000dff80000,0x00000000dff80000,0x00000000e0e00000)
 ParOldGen       total 97792K, used 18813K [0x0000000081400000, 0x0000000087380000, 0x00000000d5c00000)
  object space 97792K, 19% used [0x0000000081400000,0x000000008265f5d0,0x0000000087380000)
 Metaspace       used 34025K, capacity 35416K, committed 35496K, reserved 1079296K
  class space    used 4567K, capacity 4828K, committed 4864K, reserved 1048576K
}
Event: 744.869 GC heap before
{Heap before GC invocations=10 (full 2):
 PSYoungGen      total 112128K, used 99840K [0x00000000d5c00000, 0x00000000e0e00000, 0x0000000100000000)
  eden space 99840K, 100% used [0x00000000d5c00000,0x00000000dbd80000,0x00000000dbd80000)
  from space 12288K, 0% used [0x00000000dbd80000,0x00000000dbd80000,0x00000000dc980000)
  to   space 14848K, 0% used [0x00000000dff80000,0x00000000dff80000,0x00000000e0e00000)
 ParOldGen       total 97792K, used 18813K [0x0000000081400000, 0x0000000087380000, 0x00000000d5c00000)
  object space 97792K, 19% used [0x0000000081400000,0x000000008265f5d0,0x0000000087380000)
 Metaspace       used 40226K, capacity 42354K, committed 42496K, reserved 1085440K
  class space    used 5463K, capacity 5812K, committed 5888K, reserved 1048576K
Event: 744.879 GC heap after
Heap after GC invocations=10 (full 2):
 PSYoungGen      total 143872K, used 8673K [0x00000000d5c00000, 0x00000000e0800000, 0x0000000100000000)
  eden space 135168K, 0% used [0x00000000d5c00000,0x00000000d5c00000,0x00000000de000000)
  from space 8704K, 99% used [0x00000000dff80000,0x00000000e07f86c8,0x00000000e0800000)
  to   space 13824K, 0% used [0x00000000ded00000,0x00000000ded00000,0x00000000dfa80000)
 ParOldGen       total 97792K, used 18821K [0x0000000081400000, 0x0000000087380000, 0x00000000d5c00000)
  object space 97792K, 19% used [0x0000000081400000,0x00000000826615d0,0x0000000087380000)
 Metaspace       used 40226K, capacity 42354K, committed 42496K, reserved 1085440K
  class space    used 5463K, capacity 5812K, committed 5888K, reserved 1048576K
}

